生成启动时间为 2017/11/22 18:16:07。
     1>项目“E:\LV\Kinect\project\KinectOperaFace\KinectOperaFace\KinectOperaFace.vcxproj”在节点 2 上(Build 个目标)。
     1>C:\Program Files (x86)\MSBuild\Microsoft.Cpp\v4.0\V120\Microsoft.CppBuild.targets(388,5): warning MSB8028: The intermediate directory (Debug\) contains files shared from another project (HelloKinectCpp1.vcxproj).  This can lead to incorrect clean and rebuild behavior.
     1>ClCompile:
         D:\learning\vs2013.5_ult_chs\az\VC\bin\CL.exe /c /ZI /nologo /W3 /WX- /sdl /Od /Oy- /D WIN32 /D _DEBUG /D _CONSOLE /D _LIB /D _UNICODE /D UNICODE /Gm /EHsc /RTC1 /MDd /GS /fp:precise /Zc:wchar_t /Zc:forScope /Yc"stdafx.h" /Fp"Debug\KinectOperaFace.pch" /Fo"Debug\\" /Fd"Debug\vc120.pdb" /Gd /TP /analyze- /errorReport:prompt stdafx.cpp
         stdafx.cpp
         D:\learning\vs2013.5_ult_chs\az\VC\bin\CL.exe /c /ZI /nologo /W3 /WX- /sdl /Od /Oy- /D WIN32 /D _DEBUG /D _CONSOLE /D _LIB /D _UNICODE /D UNICODE /Gm /EHsc /RTC1 /MDd /GS /fp:precise /Zc:wchar_t /Zc:forScope /Yu"stdafx.h" /Fp"Debug\KinectOperaFace.pch" /Fo"Debug\\" /Fd"Debug\vc120.pdb" /Gd /TP /analyze- /errorReport:prompt main.cpp myKinect.cpp
         myKinect.cpp
     1>e:\lv\kinect\project\kinectoperaface\kinectoperaface\mykinect.cpp(135): warning C4244: “=”: 从“UINT16”转换到“uchar”，可能丢失数据
     1>e:\lv\kinect\project\kinectoperaface\kinectoperaface\mykinect.cpp(276): warning C4244: “参数”: 从“const float”转换到“int”，可能丢失数据
     1>e:\lv\kinect\project\kinectoperaface\kinectoperaface\mykinect.cpp(299): warning C4244: “参数”: 从“const float”转换到“int”，可能丢失数据
     1>e:\lv\kinect\project\kinectoperaface\kinectoperaface\mykinect.cpp(300): warning C4244: “参数”: 从“const float”转换到“int”，可能丢失数据
         main.cpp
         正在生成代码...
       Link:
         D:\learning\vs2013.5_ult_chs\az\VC\bin\link.exe /ERRORREPORT:PROMPT /OUT:"E:\LV\Kinect\project\KinectOperaFace\Debug\KinectOperaFace.exe" /INCREMENTAL /NOLOGO opencv_core2411d.lib opencv_highgui2411d.lib opencv_imgproc2411d.lib Kinect20.lib kernel32.lib user32.lib gdi32.lib winspool.lib comdlg32.lib advapi32.lib shell32.lib ole32.lib oleaut32.lib uuid.lib odbc32.lib odbccp32.lib /MANIFEST /MANIFESTUAC:"level='asInvoker' uiAccess='false'" /manifest:embed /DEBUG /PDB:"E:\LV\Kinect\project\KinectOperaFace\Debug\KinectOperaFace.pdb" /SUBSYSTEM:CONSOLE /TLBID:1 /DYNAMICBASE /NXCOMPAT /IMPLIB:"E:\LV\Kinect\project\KinectOperaFace\Debug\KinectOperaFace.lib" /MACHINE:X86 Debug\main.obj
         Debug\myKinect.obj
         Debug\stdafx.obj
     1>LINK : fatal error LNK1104: 无法打开文件“opencv_core2411d.lib”
     1>已完成生成项目“E:\LV\Kinect\project\KinectOperaFace\KinectOperaFace\KinectOperaFace.vcxproj”(Build 个目标)的操作 - 失败。

生成失败。

已用时间 00:00:04.83
